<?xml version="1.0" encoding="UTF-8"?>
<!-- Generated by org.testng.reporters.JUnitXMLReporter -->
<testsuite ignored="13" hostname="Zhumu-Arhaam" failures="0" tests="1" name="Default test" time="12.49" errors="0" timestamp="2023-12-11T19:52:36 EST">
  <testcase classname="pagesTest.HomePageTest" name="inputInLoginFieldTest" time="4.203"/>
  <testcase classname="pagesTest.HomePageTest" name="clickUserIdTest" time="0.0">
    <ignored/>
  </testcase> <!-- clickUserIdTest -->
  <testcase classname="pagesTest.HomePageTest" name="isSelected_in_create_account" time="0.0">
    <ignored/>
  </testcase> <!-- isSelected_in_create_account -->
  <testcase classname="pagesTest.HomePageTest" name="linkText" time="0.0">
    <ignored/>
  </testcase> <!-- linkText -->
  <testcase classname="pagesTest.HomePageTest" name="partialLinkText" time="0.0">
    <ignored/>
  </testcase> <!-- partialLinkText -->
  <testcase classname="pagesTest.HomePageTest" name="clickLogoTest" time="0.0">
    <ignored/>
  </testcase> <!-- clickLogoTest -->
  <testcase classname="pagesTest.HomePageTest" name="isEnabled_in_sign_in" time="0.0">
    <ignored/>
  </testcase> <!-- isEnabled_in_sign_in -->
  <testcase classname="pagesTest.HomePageTest" name="role_in_create_account" time="0.0">
    <ignored/>
  </testcase> <!-- role_in_create_account -->
  <testcase classname="pagesTest.HomePageTest" name="clickPasswordIdTest" time="0.0">
    <ignored/>
  </testcase> <!-- clickPasswordIdTest -->
  <testcase classname="pagesTest.HomePageTest" name="isDisplayed_in_logo" time="0.0">
    <ignored/>
  </testcase> <!-- isDisplayed_in_logo -->
  <testcase classname="pagesTest.HomePageTest" name="nullPointerExceptionTest" time="0.0">
    <ignored/>
  </testcase> <!-- nullPointerExceptionTest -->
  <testcase classname="pagesTest.HomePageTest" name="role_in_logo" time="0.0">
    <ignored/>
  </testcase> <!-- role_in_logo -->
  <testcase classname="pagesTest.HomePageTest" name="clickSignInTest" time="0.0">
    <ignored/>
  </testcase> <!-- clickSignInTest -->
  <testcase classname="pagesTest.HomePageTest" name="role_in_sign_in" time="0.0">
    <ignored/>
  </testcase> <!-- role_in_sign_in -->
</testsuite> <!-- Default test -->
