<?xml version="1.0" encoding="UTF-8"?>
<testng-results ignored="0" total="1" passed="1" failed="0" skipped="0">
  <reporter-output>
  </reporter-output>
  <suite started-at="2023-12-11T19:52:23 EST" name="Default suite" finished-at="2023-12-11T19:52:36 EST" duration-ms="12490">
    <groups>
    </groups>
    <test started-at="2023-12-11T19:52:23 EST" name="Default test" finished-at="2023-12-11T19:52:36 EST" duration-ms="12490">
      <class name="pagesTest.HomePageTest">
        <test-method is-config="true" signature="setUP()[pri:0, instance:pagesTest.HomePageTest@942a29c]" started-at="2023-12-11T19:52:24 EST" name="setUP" finished-at="2023-12-11T19:52:31 EST" duration-ms="7848" status="PASS">
          <reporter-output>
          </reporter-output>
        </test-method> <!-- setUP -->
        <test-method signature="inputInLoginFieldTest()[pri:0, instance:pagesTest.HomePageTest@942a29c]" started-at="2023-12-11T19:52:31 EST" name="inputInLoginFieldTest" finished-at="2023-12-11T19:52:36 EST" duration-ms="4203" status="PASS">
          <reporter-output>
          </reporter-output>
        </test-method> <!-- inputInLoginFieldTest -->
        <test-method is-config="true" signature="tearUp()[pri:0, instance:pagesTest.HomePageTest@942a29c]" started-at="2023-12-11T19:52:36 EST" name="tearUp" finished-at="2023-12-11T19:52:36 EST" duration-ms="367" status="PASS">
          <reporter-output>
          </reporter-output>
        </test-method> <!-- tearUp -->
      </class> <!-- pagesTest.HomePageTest -->
    </test> <!-- Default test -->
  </suite> <!-- Default suite -->
</testng-results>
